#
# A fatal error has been detected by the Java Runtime Environment:
#
#  EXCEPTION_ACCESS_VIOLATION (0xc0000005) at pc=0x00007ffa8ebfe553, pid=22144, tid=29512
#
# JRE version: OpenJDK Runtime Environment (15.0+36) (build 15+36-1562)
# Java VM: OpenJDK 64-Bit Server VM (15+36-1562, mixed mode, sharing, tiered, compressed oops, g1 gc, windows-amd64)
# Problematic frame:
# V  [jvm.dll+0x2fe553]
#
# No core dump will be written. Minidumps are not enabled by default on client versions of Windows
#
# If you would like to submit a bug report, please visit:
#   https://bugreport.java.com/bugreport/crash.jsp
#

---------------  S U M M A R Y ------------

Command Line: -XX:+ShowCodeDetailsInExceptionMessages -agentlib:jdwp=transport=dt_socket,suspend=y,address=localhost:58227 -javaagent:F:\PC-Stuff\Programme\Eclipse\eclipse\configuration\org.eclipse.osgi\215\0\.cp\lib\javaagent-shaded.jar -Dfile.encoding=Cp1252 uebungsblatt3.Maexchen_3_4

Host: Intel(R) Core(TM) i7-8700K CPU @ 3.70GHz, 12 cores, 31G,  Windows 10 , 64 bit Build 18362 (10.0.18362.1110)
Time: Thu Nov 12 16:40:11 2020 Mitteleuropäische Zeit elapsed time: 16594.490074 seconds (0d 4h 36m 34s)

---------------  T H R E A D  ---------------

Current thread (0x000001b17eac6880):  JavaThread "JDWP Transport Listener: dt_socket" daemon [_thread_in_vm, id=29512, stack(0x0000001887f00000,0x0000001888000000)] _threads_hazard_ptr=0x000001b17f0fea70

Stack: [0x0000001887f00000,0x0000001888000000],  sp=0x0000001887ffe980,  free space=1018k
Native frames: (J=compiled Java code, j=interpreted, Vv=VM code, C=native code)
V  [jvm.dll+0x2fe553]
V  [jvm.dll+0x302392]
V  [jvm.dll+0x3027af]
V  [jvm.dll+0x2fe986]
V  [jvm.dll+0x618d40]
V  [jvm.dll+0x618a23]
V  [jvm.dll+0x5de258]
V  [jvm.dll+0x7773df]
V  [jvm.dll+0x4ef581]
V  [jvm.dll+0x786e85]
V  [jvm.dll+0x4d31f0]
V  [jvm.dll+0x4949cb]
C  [jdwp.dll+0x8221]


siginfo: EXCEPTION_ACCESS_VIOLATION (0xc0000005), reading address 0xffffffffffffffff


Register to memory mapping:

RIP=0x00007ffa8ebfe553 jvm.dll
RAX=0x000001b17e87b220 points into unknown readable memory: 0x0000000000000001 | 01 00 00 00 00 00 00 00
RBX=0x0000001887ffeb50 is pointing into the stack for thread: 0x000001b17eac6880
RCX=0x0000001887ffebc0 is pointing into the stack for thread: 0x000001b17eac6880
RDX=0xffffffffffffca2f is an unknown value
RSP=0x0000001887ffe980 is pointing into the stack for thread: 0x000001b17eac6880
RBP=0x00007ffa8ebfe530 jvm.dll
RSI=0x0 is NULL
RDI=0x0000001887ffeb50 is pointing into the stack for thread: 0x000001b17eac6880
R8 =0x03ffffffffffff28 is an unknown value
R9 =0x000000000000002f is an unknown value
R10=0x00007ffa8e900000 jvm.dll
R11=0x000001b17e87b220 points into unknown readable memory: 0x0000000000000001 | 01 00 00 00 00 00 00 00
R12=0x00000000000083b0 is an unknown value
R13=0x0000000000000001 is an unknown value
R14=0x0000000000000027 is an unknown value
R15=0x000001b17e4284b8 is pointing into metadata


Registers:
RAX=0x000001b17e87b220, RBX=0x0000001887ffeb50, RCX=0x0000001887ffebc0, RDX=0xffffffffffffca2f
RSP=0x0000001887ffe980, RBP=0x00007ffa8ebfe530, RSI=0x0000000000000000, RDI=0x0000001887ffeb50
R8 =0x03ffffffffffff28, R9 =0x000000000000002f, R10=0x00007ffa8e900000, R11=0x000001b17e87b220
R12=0x00000000000083b0, R13=0x0000000000000001, R14=0x0000000000000027, R15=0x000001b17e4284b8
RIP=0x00007ffa8ebfe553, EFLAGS=0x0000000000010a07

Top of Stack: (sp=0x0000001887ffe980)
0x0000001887ffe980:   0000000620e20978 000000000000000b
0x0000001887ffe990:   0000000000000000 00007ffa8ec13d94
0x0000001887ffe9a0:   0000001887ffea20 00007ffa8ec02392
0x0000001887ffe9b0:   0000001887ffea30 000001b17e9b66b0
0x0000001887ffe9c0:   0000001887ffea20 00007ffa8ea01a6e
0x0000001887ffe9d0:   000001b17e4285e8 0000000000000018
0x0000001887ffe9e0:   000001b17e428517 00000000000000a0
0x0000001887ffe9f0:   00000000000000a0 00007ffa8ec027af
0x0000001887ffea00:   0000001887ffeb50 0000001887ffea50
0x0000001887ffea10:   0000000000000027 0000001887ffea50
0x0000001887ffea20:   000001b17e4285e8 000001b17eac6880
0x0000001887ffea30:   0000002a00000027 000000a0000000a9
0x0000001887ffea40:   000000a900000000 ffffffff000000a0
0x0000001887ffea50:   0000000000000000 00000000000003d8
0x0000001887ffea60:   00000000000083b0 000001b17e87b1d0
0x0000001887ffea70:   000001b17eac6880 00007ffa8ebfe986 

Instructions: (pc=0x00007ffa8ebfe553)
0x00007ffa8ebfe453:   f8 4c 63 fa 4c 8b f1 48 85 db 74 12 90 39 3b 0f
0x00007ffa8ebfe463:   84 9b 00 00 00 48 8b 5b 10 48 85 db 75 ef 33 d2
0x00007ffa8ebfe473:   8d 4a 18 e8 35 33 38 00 48 8b d8 48 85 c0 74 79
0x00007ffa8ebfe483:   33 d2 48 89 6c 24 48 49 8b 2e 48 89 74 24 50 89
0x00007ffa8ebfe493:   38 8d 4a 20 e8 14 33 38 00 33 ff 48 8b f0 48 85
0x00007ffa8ebfe4a3:   c0 74 3f 8b 0d 1c c5 6f 00 8d 57 08 89 48 04 48
0x00007ffa8ebfe4b3:   8b c8 89 38 c7 40 10 08 00 00 00 48 89 78 08 e8
0x00007ffa8ebfe4c3:   e9 51 01 00 48 89 46 18 39 7e 04 7e 18 48 8b 46
0x00007ffa8ebfe4d3:   18 33 d2 8b cf ff c7 48 89 14 c8 3b 7e 04 7c ed
0x00007ffa8ebfe4e3:   eb 03 48 8b f7 48 89 73 08 48 8b 74 24 50 48 89
0x00007ffa8ebfe4f3:   6b 10 48 8b 6c 24 48 eb 04 33 ff 8b df 49 89 1e
0x00007ffa8ebfe503:   48 8b 4b 08 48 8d 54 24 40 4c 89 7c 24 40 e8 7a
0x00007ffa8ebfe513:   48 da ff 48 8b 5c 24 58 48 83 c4 20 41 5f 41 5e
0x00007ffa8ebfe523:   5f c3 cc cc cc cc cc cc cc cc cc cc cc 40 53 48
0x00007ffa8ebfe533:   83 ec 20 48 63 d2 48 8b d9 0f b6 c2 48 83 c1 70
0x00007ffa8ebfe543:   24 3f 4c 8b c2 44 0f b6 c8 49 c1 e8 06 48 8b 01
0x00007ffa8ebfe553:   4e 8b 04 c0 4d 0f a3 c8 72 0b 41 b0 01 e8 bb 7d
0x00007ffa8ebfe563:   df ff ff 43 6c 48 83 c4 20 5b c3 cc cc 8b c2 4c
0x00007ffa8ebfe573:   8b d1 41 33 c0 a9 00 00 00 f0 0f 84 ca 00 00 00
0x00007ffa8ebfe583:   44 8b ca 8b c2 41 c1 e9 1d b9 72 00 00 00 41 80
0x00007ffa8ebfe593:   e1 01 c1 e8 1e 44 8d 59 ae a8 01 74 1a 45 84 c9
0x00007ffa8ebfe5a3:   75 0d c1 ea 1c f6 c2 01 75 05 44 8b c9 eb 35 41
0x00007ffa8ebfe5b3:   b9 23 00 00 00 eb 2d 45 84 c9 74 08 41 b9 76 00
0x00007ffa8ebfe5c3:   00 00 eb 20 8b c2 c1 e8 1c a8 01 74 08 41 b9 70
0x00007ffa8ebfe5d3:   00 00 00 eb 0f c1 ea 1f 41 b9 40 00 00 00 84 d2
0x00007ffa8ebfe5e3:   45 0f 45 cb 41 8b d0 41 8b c0 c1 ea 1d 80 e2 01
0x00007ffa8ebfe5f3:   c1 e8 1e a8 01 74 15 84 d2 75 0a 41 c1 e8 1c 41
0x00007ffa8ebfe603:   f6 c0 01 74 33 b9 23 00 00 00 eb 2c 84 d2 74 07
0x00007ffa8ebfe613:   b9 76 00 00 00 eb 21 41 8b c0 c1 e8 1c a8 01 74
0x00007ffa8ebfe623:   07 b9 70 00 00 00 eb 10 41 c1 e8 1f b9 40 00 00
0x00007ffa8ebfe633:   00 45 84 c0 41 0f 45 cb 44 8b c1 48 8d 15 23 e9
0x00007ffa8ebfe643:   58 00 49 8b ca e9 b3 56 00 00 c3 cc cc 40 53 48 


Stack slot to memory mapping:
stack at sp + 0 slots: 0x0000000620e20978 is an oop: [Ljava.lang.Object; 
{0x0000000620e20978} - klass: 'java/lang/Object'[]
 - length: 11
stack at sp + 1 slots: 0x000000000000000b is an unknown value
stack at sp + 2 slots: 0x0 is NULL
stack at sp + 3 slots: 0x00007ffa8ec13d94 jvm.dll
stack at sp + 4 slots: 0x0000001887ffea20 is pointing into the stack for thread: 0x000001b17eac6880
stack at sp + 5 slots: 0x00007ffa8ec02392 jvm.dll
stack at sp + 6 slots: 0x0000001887ffea30 is pointing into the stack for thread: 0x000001b17eac6880
stack at sp + 7 slots: 0x000001b17e9b66b0 points into unknown readable memory: 0x0000000000000000 | 00 00 00 00 00 00 00 00


---------------  P R O C E S S  ---------------

Threads class SMR info:
_java_thread_list=0x000001b17f0fea70, length=14, elements={
0x000001b16dc12fd0, 0x000001b17df8d7f0, 0x000001b17df8e2d0, 0x000001b17dfa9160,
0x000001b17dfaba30, 0x000001b17dfad800, 0x000001b17dfb65b0, 0x000001b17dfba560,
0x000001b17dfbcf70, 0x000001b17e952080, 0x000001b17eac6880, 0x000001b17ea65cb0,
0x000001b17ea661a0, 0x000001b17ea8caf0
}

Java Threads: ( => current thread )
  0x000001b16dc12fd0 JavaThread "main" [_thread_blocked, id=22604, stack(0x0000001886f00000,0x0000001887000000)]
  0x000001b17df8d7f0 JavaThread "Reference Handler" daemon [_thread_blocked, id=6288, stack(0x0000001887600000,0x0000001887700000)]
  0x000001b17df8e2d0 JavaThread "Finalizer" daemon [_thread_blocked, id=16620, stack(0x0000001887700000,0x0000001887800000)]
  0x000001b17dfa9160 JavaThread "Signal Dispatcher" daemon [_thread_blocked, id=23676, stack(0x0000001887800000,0x0000001887900000)]
  0x000001b17dfaba30 JavaThread "Attach Listener" daemon [_thread_blocked, id=6708, stack(0x0000001887900000,0x0000001887a00000)]
  0x000001b17dfad800 JavaThread "Service Thread" daemon [_thread_blocked, id=24312, stack(0x0000001887a00000,0x0000001887b00000)]
  0x000001b17dfb65b0 JavaThread "C2 CompilerThread0" daemon [_thread_blocked, id=18928, stack(0x0000001887b00000,0x0000001887c00000)]
  0x000001b17dfba560 JavaThread "C1 CompilerThread0" daemon [_thread_blocked, id=27188, stack(0x0000001887c00000,0x0000001887d00000)]
  0x000001b17dfbcf70 JavaThread "Sweeper thread" daemon [_thread_blocked, id=13928, stack(0x0000001887d00000,0x0000001887e00000)]
  0x000001b17e952080 JavaThread "Common-Cleaner" daemon [_thread_blocked, id=26568, stack(0x0000001887e00000,0x0000001887f00000)]
=>0x000001b17eac6880 JavaThread "JDWP Transport Listener: dt_socket" daemon [_thread_in_vm, id=29512, stack(0x0000001887f00000,0x0000001888000000)]
  0x000001b17ea65cb0 JavaThread "JDWP Event Helper Thread" daemon [_thread_blocked, id=5132, stack(0x0000001888000000,0x0000001888100000)]
  0x000001b17ea661a0 JavaThread "JDWP Command Reader" daemon [_thread_in_native, id=22932, stack(0x0000001888100000,0x0000001888200000)]
  0x000001b17ea8caf0 JavaThread "Notification Thread" daemon [_thread_blocked, id=6284, stack(0x0000001888300000,0x0000001888400000)]

Other Threads:
  0x000001b17df8c060 VMThread "VM Thread" [stack: 0x0000001887500000,0x0000001887600000] [id=26628]
  0x000001b16dc14180 WatcherThread [stack: 0x0000001888400000,0x0000001888500000] [id=25364]
  0x000001b16dc89780 GCTaskThread "GC Thread#0" [stack: 0x0000001887000000,0x0000001887100000] [id=4216]
  0x000001b16dc9b8f0 ConcurrentGCThread "G1 Main Marker" [stack: 0x0000001887100000,0x0000001887200000] [id=25072]
  0x000001b16dc9cc10 ConcurrentGCThread "G1 Conc#0" [stack: 0x0000001887200000,0x0000001887300000] [id=28428]
  0x000001b17de84580 ConcurrentGCThread "G1 Refine#0" [stack: 0x0000001887300000,0x0000001887400000] [id=20160]
  0x000001b17de84e30 ConcurrentGCThread "G1 Young RemSet Sampling" [stack: 0x0000001887400000,0x0000001887500000] [id=27388]

Threads with active compile tasks:

VM state: not at safepoint (normal execution)

VM Mutex/Monitor currently owned by a thread: None

Heap address: 0x0000000601000000, size: 8176 MB, Compressed Oops mode: Zero based, Oop shift amount: 3
CDS archive(s) mapped at: [0x0000000800000000-0x0000000800b50000-0x0000000800b50000), size 11862016, SharedBaseAddress: 0x0000000800000000, ArchiveRelocationMode: 0.
Compressed class space mapped at: 0x0000000800b50000-0x0000000840b50000, size: 1073741824
Narrow klass base: 0x0000000800000000, Narrow klass shift: 3, Narrow klass range: 0x100000000

GC Precious Log:
 CPUs: 12 total, 12 available
 Memory: 32696M
 Large Page Support: Disabled
 NUMA Support: Disabled
 Compressed Oops: Enabled (Zero based)
 Heap Region Size: 4M
 Heap Min Capacity: 8M
 Heap Initial Capacity: 512M
 Heap Max Capacity: 8176M
 Pre-touch: Disabled
 Parallel Workers: 10
 Concurrent Workers: 3
 Concurrent Refinement Workers: 10
 Periodic GC: Disabled

Heap:
 garbage-first heap   total 524288K, used 4096K [0x0000000601000000, 0x0000000800000000)
  region size 4096K, 2 young (8192K), 0 survivors (0K)
 Metaspace       used 2989K, capacity 4944K, committed 5120K, reserved 1056768K
  class space    used 282K, capacity 431K, committed 512K, reserved 1048576K

Heap Regions: E=young(eden), S=young(survivor), O=old, HS=humongous(starts), HC=humongous(continues), CS=collection set, F=free, OA=open archive, CA=closed archive, TAMS=top-at-mark-start (previous, next)
|   0|0x0000000601000000, 0x0000000601000000, 0x0000000601400000|  0%| F|  |TAMS 0x0000000601000000, 0x0000000601000000| Untracked 
|   1|0x0000000601400000, 0x0000000601400000, 0x0000000601800000|  0%| F|  |TAMS 0x0000000601400000, 0x0000000601400000| Untracked 
|   2|0x0000000601800000, 0x0000000601800000, 0x0000000601c00000|  0%| F|  |TAMS 0x0000000601800000, 0x0000000601800000| Untracked 
|   3|0x0000000601c00000, 0x0000000601c00000, 0x0000000602000000|  0%| F|  |TAMS 0x0000000601c00000, 0x0000000601c00000| Untracked 
|   4|0x0000000602000000, 0x0000000602000000, 0x0000000602400000|  0%| F|  |TAMS 0x0000000602000000, 0x0000000602000000| Untracked 
|   5|0x0000000602400000, 0x0000000602400000, 0x0000000602800000|  0%| F|  |TAMS 0x0000000602400000, 0x0000000602400000| Untracked 
|   6|0x0000000602800000, 0x0000000602800000, 0x0000000602c00000|  0%| F|  |TAMS 0x0000000602800000, 0x0000000602800000| Untracked 
|   7|0x0000000602c00000, 0x0000000602c00000, 0x0000000603000000|  0%| F|  |TAMS 0x0000000602c00000, 0x0000000602c00000| Untracked 
|   8|0x0000000603000000, 0x0000000603000000, 0x0000000603400000|  0%| F|  |TAMS 0x0000000603000000, 0x0000000603000000| Untracked 
|   9|0x0000000603400000, 0x0000000603400000, 0x0000000603800000|  0%| F|  |TAMS 0x0000000603400000, 0x0000000603400000| Untracked 
|  10|0x0000000603800000, 0x0000000603800000, 0x0000000603c00000|  0%| F|  |TAMS 0x0000000603800000, 0x0000000603800000| Untracked 
|  11|0x0000000603c00000, 0x0000000603c00000, 0x0000000604000000|  0%| F|  |TAMS 0x0000000603c00000, 0x0000000603c00000| Untracked 
|  12|0x0000000604000000, 0x0000000604000000, 0x0000000604400000|  0%| F|  |TAMS 0x0000000604000000, 0x0000000604000000| Untracked 
|  13|0x0000000604400000, 0x0000000604400000, 0x0000000604800000|  0%| F|  |TAMS 0x0000000604400000, 0x0000000604400000| Untracked 
|  14|0x0000000604800000, 0x0000000604800000, 0x0000000604c00000|  0%| F|  |TAMS 0x0000000604800000, 0x0000000604800000| Untracked 
|  15|0x0000000604c00000, 0x0000000604c00000, 0x0000000605000000|  0%| F|  |TAMS 0x0000000604c00000, 0x0000000604c00000| Untracked 
|  16|0x0000000605000000, 0x0000000605000000, 0x0000000605400000|  0%| F|  |TAMS 0x0000000605000000, 0x0000000605000000| Untracked 
|  17|0x0000000605400000, 0x0000000605400000, 0x0000000605800000|  0%| F|  |TAMS 0x0000000605400000, 0x0000000605400000| Untracked 
|  18|0x0000000605800000, 0x0000000605800000, 0x0000000605c00000|  0%| F|  |TAMS 0x0000000605800000, 0x0000000605800000| Untracked 
|  19|0x0000000605c00000, 0x0000000605c00000, 0x0000000606000000|  0%| F|  |TAMS 0x0000000605c00000, 0x0000000605c00000| Untracked 
|  20|0x0000000606000000, 0x0000000606000000, 0x0000000606400000|  0%| F|  |TAMS 0x0000000606000000, 0x0000000606000000| Untracked 
|  21|0x0000000606400000, 0x0000000606400000, 0x0000000606800000|  0%| F|  |TAMS 0x0000000606400000, 0x0000000606400000| Untracked 
|  22|0x0000000606800000, 0x0000000606800000, 0x0000000606c00000|  0%| F|  |TAMS 0x0000000606800000, 0x0000000606800000| Untracked 
|  23|0x0000000606c00000, 0x0000000606c00000, 0x0000000607000000|  0%| F|  |TAMS 0x0000000606c00000, 0x0000000606c00000| Untracked 
|  24|0x0000000607000000, 0x0000000607000000, 0x0000000607400000|  0%| F|  |TAMS 0x0000000607000000, 0x0000000607000000| Untracked 
|  25|0x0000000607400000, 0x0000000607400000, 0x0000000607800000|  0%| F|  |TAMS 0x0000000607400000, 0x0000000607400000| Untracked 
|  26|0x0000000607800000, 0x0000000607800000, 0x0000000607c00000|  0%| F|  |TAMS 0x0000000607800000, 0x0000000607800000| Untracked 
|  27|0x0000000607c00000, 0x0000000607c00000, 0x0000000608000000|  0%| F|  |TAMS 0x0000000607c00000, 0x0000000607c00000| Untracked 
|  28|0x0000000608000000, 0x0000000608000000, 0x0000000608400000|  0%| F|  |TAMS 0x0000000608000000, 0x0000000608000000| Untracked 
|  29|0x0000000608400000, 0x0000000608400000, 0x0000000608800000|  0%| F|  |TAMS 0x0000000608400000, 0x0000000608400000| Untracked 
|  30|0x0000000608800000, 0x0000000608800000, 0x0000000608c00000|  0%| F|  |TAMS 0x0000000608800000, 0x0000000608800000| Untracked 
|  31|0x0000000608c00000, 0x0000000608c00000, 0x0000000609000000|  0%| F|  |TAMS 0x0000000608c00000, 0x0000000608c00000| Untracked 
|  32|0x0000000609000000, 0x0000000609000000, 0x0000000609400000|  0%| F|  |TAMS 0x0000000609000000, 0x0000000609000000| Untracked 
|  33|0x0000000609400000, 0x0000000609400000, 0x0000000609800000|  0%| F|  |TAMS 0x0000000609400000, 0x0000000609400000| Untracked 
|  34|0x0000000609800000, 0x0000000609800000, 0x0000000609c00000|  0%| F|  |TAMS 0x0000000609800000, 0x0000000609800000| Untracked 
|  35|0x0000000609c00000, 0x0000000609c00000, 0x000000060a000000|  0%| F|  |TAMS 0x0000000609c00000, 0x0000000609c00000| Untracked 
|  36|0x000000060a000000, 0x000000060a000000, 0x000000060a400000|  0%| F|  |TAMS 0x000000060a000000, 0x000000060a000000| Untracked 
|  37|0x000000060a400000, 0x000000060a400000, 0x000000060a800000|  0%| F|  |TAMS 0x000000060a400000, 0x000000060a400000| Untracked 
|  38|0x000000060a800000, 0x000000060a800000, 0x000000060ac00000|  0%| F|  |TAMS 0x000000060a800000, 0x000000060a800000| Untracked 
|  39|0x000000060ac00000, 0x000000060ac00000, 0x000000060b000000|  0%| F|  |TAMS 0x000000060ac00000, 0x000000060ac00000| Untracked 
|  40|0x000000060b000000, 0x000000060b000000, 0x000000060b400000|  0%| F|  |TAMS 0x000000060b000000, 0x000000060b000000| Untracked 
|  41|0x000000060b400000, 0x000000060b400000, 0x000000060b800000|  0%| F|  |TAMS 0x000000060b400000, 0x000000060b400000| Untracked 
|  42|0x000000060b800000, 0x000000060b800000, 0x000000060bc00000|  0%| F|  |TAMS 0x000000060b800000, 0x000000060b800000| Untracked 
|  43|0x000000060bc00000, 0x000000060bc00000, 0x000000060c000000|  0%| F|  |TAMS 0x000000060bc00000, 0x000000060bc00000| Untracked 
|  44|0x000000060c000000, 0x000000060c000000, 0x000000060c400000|  0%| F|  |TAMS 0x000000060c000000, 0x000000060c000000| Untracked 
|  45|0x000000060c400000, 0x000000060c400000, 0x000000060c800000|  0%| F|  |TAMS 0x000000060c400000, 0x000000060c400000| Untracked 
|  46|0x000000060c800000, 0x000000060c800000, 0x000000060cc00000|  0%| F|  |TAMS 0x000000060c800000, 0x000000060c800000| Untracked 
|  47|0x000000060cc00000, 0x000000060cc00000, 0x000000060d000000|  0%| F|  |TAMS 0x000000060cc00000, 0x000000060cc00000| Untracked 
|  48|0x000000060d000000, 0x000000060d000000, 0x000000060d400000|  0%| F|  |TAMS 0x000000060d000000, 0x000000060d000000| Untracked 
|  49|0x000000060d400000, 0x000000060d400000, 0x000000060d800000|  0%| F|  |TAMS 0x000000060d400000, 0x000000060d400000| Untracked 
|  50|0x000000060d800000, 0x000000060d800000, 0x000000060dc00000|  0%| F|  |TAMS 0x000000060d800000, 0x000000060d800000| Untracked 
|  51|0x000000060dc00000, 0x000000060dc00000, 0x000000060e000000|  0%| F|  |TAMS 0x000000060dc00000, 0x000000060dc00000| Untracked 
|  52|0x000000060e000000, 0x000000060e000000, 0x000000060e400000|  0%| F|  |TAMS 0x000000060e000000, 0x000000060e000000| Untracked 
|  53|0x000000060e400000, 0x000000060e400000, 0x000000060e800000|  0%| F|  |TAMS 0x000000060e400000, 0x000000060e400000| Untracked 
|  54|0x000000060e800000, 0x000000060e800000, 0x000000060ec00000|  0%| F|  |TAMS 0x000000060e800000, 0x000000060e800000| Untracked 
|  55|0x000000060ec00000, 0x000000060ec00000, 0x000000060f000000|  0%| F|  |TAMS 0x000000060ec00000, 0x000000060ec00000| Untracked 
|  56|0x000000060f000000, 0x000000060f000000, 0x000000060f400000|  0%| F|  |TAMS 0x000000060f000000, 0x000000060f000000| Untracked 
|  57|0x000000060f400000, 0x000000060f400000, 0x000000060f800000|  0%| F|  |TAMS 0x000000060f400000, 0x000000060f400000| Untracked 
|  58|0x000000060f800000, 0x000000060f800000, 0x000000060fc00000|  0%| F|  |TAMS 0x000000060f800000, 0x000000060f800000| Untracked 
|  59|0x000000060fc00000, 0x000000060fc00000, 0x0000000610000000|  0%| F|  |TAMS 0x000000060fc00000, 0x000000060fc00000| Untracked 
|  60|0x0000000610000000, 0x0000000610000000, 0x0000000610400000|  0%| F|  |TAMS 0x0000000610000000, 0x0000000610000000| Untracked 
|  61|0x0000000610400000, 0x0000000610400000, 0x0000000610800000|  0%| F|  |TAMS 0x0000000610400000, 0x0000000610400000| Untracked 
|  62|0x0000000610800000, 0x0000000610800000, 0x0000000610c00000|  0%| F|  |TAMS 0x0000000610800000, 0x0000000610800000| Untracked 
|  63|0x0000000610c00000, 0x0000000610c00000, 0x0000000611000000|  0%| F|  |TAMS 0x0000000610c00000, 0x0000000610c00000| Untracked 
|  64|0x0000000611000000, 0x0000000611000000, 0x0000000611400000|  0%| F|  |TAMS 0x0000000611000000, 0x0000000611000000| Untracked 
|  65|0x0000000611400000, 0x0000000611400000, 0x0000000611800000|  0%| F|  |TAMS 0x0000000611400000, 0x0000000611400000| Untracked 
|  66|0x0000000611800000, 0x0000000611800000, 0x0000000611c00000|  0%| F|  |TAMS 0x0000000611800000, 0x0000000611800000| Untracked 
|  67|0x0000000611c00000, 0x0000000611c00000, 0x0000000612000000|  0%| F|  |TAMS 0x0000000611c00000, 0x0000000611c00000| Untracked 
|  68|0x0000000612000000, 0x0000000612000000, 0x0000000612400000|  0%| F|  |TAMS 0x0000000612000000, 0x0000000612000000| Untracked 
|  69|0x0000000612400000, 0x0000000612400000, 0x0000000612800000|  0%| F|  |TAMS 0x0000000612400000, 0x0000000612400000| Untracked 
|  70|0x0000000612800000, 0x0000000612800000, 0x0000000612c00000|  0%| F|  |TAMS 0x0000000612800000, 0x0000000612800000| Untracked 
|  71|0x0000000612c00000, 0x0000000612c00000, 0x0000000613000000|  0%| F|  |TAMS 0x0000000612c00000, 0x0000000612c00000| Untracked 
|  72|0x0000000613000000, 0x0000000613000000, 0x0000000613400000|  0%| F|  |TAMS 0x0000000613000000, 0x0000000613000000| Untracked 
|  73|0x0000000613400000, 0x0000000613400000, 0x0000000613800000|  0%| F|  |TAMS 0x0000000613400000, 0x0000000613400000| Untracked 
|  74|0x0000000613800000, 0x0000000613800000, 0x0000000613c00000|  0%| F|  |TAMS 0x0000000613800000, 0x0000000613800000| Untracked 
|  75|0x0000000613c00000, 0x0000000613c00000, 0x0000000614000000|  0%| F|  |TAMS 0x0000000613c00000, 0x0000000613c00000| Untracked 
|  76|0x0000000614000000, 0x0000000614000000, 0x0000000614400000|  0%| F|  |TAMS 0x0000000614000000, 0x0000000614000000| Untracked 
|  77|0x0000000614400000, 0x0000000614400000, 0x0000000614800000|  0%| F|  |TAMS 0x0000000614400000, 0x0000000614400000| Untracked 
|  78|0x0000000614800000, 0x0000000614800000, 0x0000000614c00000|  0%| F|  |TAMS 0x0000000614800000, 0x0000000614800000| Untracked 
|  79|0x0000000614c00000, 0x0000000614c00000, 0x0000000615000000|  0%| F|  |TAMS 0x0000000614c00000, 0x0000000614c00000| Untracked 
|  80|0x0000000615000000, 0x0000000615000000, 0x0000000615400000|  0%| F|  |TAMS 0x0000000615000000, 0x0000000615000000| Untracked 
|  81|0x0000000615400000, 0x0000000615400000, 0x0000000615800000|  0%| F|  |TAMS 0x0000000615400000, 0x0000000615400000| Untracked 
|  82|0x0000000615800000, 0x0000000615800000, 0x0000000615c00000|  0%| F|  |TAMS 0x0000000615800000, 0x0000000615800000| Untracked 
|  83|0x0000000615c00000, 0x0000000615c00000, 0x0000000616000000|  0%| F|  |TAMS 0x0000000615c00000, 0x0000000615c00000| Untracked 
|  84|0x0000000616000000, 0x0000000616000000, 0x0000000616400000|  0%| F|  |TAMS 0x0000000616000000, 0x0000000616000000| Untracked 
|  85|0x0000000616400000, 0x0000000616400000, 0x0000000616800000|  0%| F|  |TAMS 0x0000000616400000, 0x0000000616400000| Untracked 
|  86|0x0000000616800000, 0x0000000616800000, 0x0000000616c00000|  0%| F|  |TAMS 0x0000000616800000, 0x0000000616800000| Untracked 
|  87|0x0000000616c00000, 0x0000000616c00000, 0x0000000617000000|  0%| F|  |TAMS 0x0000000616c00000, 0x0000000616c00000| Untracked 
|  88|0x0000000617000000, 0x0000000617000000, 0x0000000617400000|  0%| F|  |TAMS 0x0000000617000000, 0x0000000617000000| Untracked 
|  89|0x0000000617400000, 0x0000000617400000, 0x0000000617800000|  0%| F|  |TAMS 0x0000000617400000, 0x0000000617400000| Untracked 
|  90|0x0000000617800000, 0x0000000617800000, 0x0000000617c00000|  0%| F|  |TAMS 0x0000000617800000, 0x0000000617800000| Untracked 
|  91|0x0000000617c00000, 0x0000000617c00000, 0x0000000618000000|  0%| F|  |TAMS 0x0000000617c00000, 0x0000000617c00000| Untracked 
|  92|0x0000000618000000, 0x0000000618000000, 0x0000000618400000|  0%| F|  |TAMS 0x0000000618000000, 0x0000000618000000| Untracked 
|  93|0x0000000618400000, 0x0000000618400000, 0x0000000618800000|  0%| F|  |TAMS 0x0000000618400000, 0x0000000618400000| Untracked 
|  94|0x0000000618800000, 0x0000000618800000, 0x0000000618c00000|  0%| F|  |TAMS 0x0000000618800000, 0x0000000618800000| Untracked 
|  95|0x0000000618c00000, 0x0000000618c00000, 0x0000000619000000|  0%| F|  |TAMS 0x0000000618c00000, 0x0000000618c00000| Untracked 
|  96|0x0000000619000000, 0x0000000619000000, 0x0000000619400000|  0%| F|  |TAMS 0x0000000619000000, 0x0000000619000000| Untracked 
|  97|0x0000000619400000, 0x0000000619400000, 0x0000000619800000|  0%| F|  |TAMS 0x0000000619400000, 0x0000000619400000| Untracked 
|  98|0x0000000619800000, 0x0000000619800000, 0x0000000619c00000|  0%| F|  |TAMS 0x0000000619800000, 0x0000000619800000| Untracked 
|  99|0x0000000619c00000, 0x0000000619c00000, 0x000000061a000000|  0%| F|  |TAMS 0x0000000619c00000, 0x0000000619c00000| Untracked 
| 100|0x000000061a000000, 0x000000061a000000, 0x000000061a400000|  0%| F|  |TAMS 0x000000061a000000, 0x000000061a000000| Untracked 
| 101|0x000000061a400000, 0x000000061a400000, 0x000000061a800000|  0%| F|  |TAMS 0x000000061a400000, 0x000000061a400000| Untracked 
| 102|0x000000061a800000, 0x000000061a800000, 0x000000061ac00000|  0%| F|  |TAMS 0x000000061a800000, 0x000000061a800000| Untracked 
| 103|0x000000061ac00000, 0x000000061ac00000, 0x000000061b000000|  0%| F|  |TAMS 0x000000061ac00000, 0x000000061ac00000| Untracked 
| 104|0x000000061b000000, 0x000000061b000000, 0x000000061b400000|  0%| F|  |TAMS 0x000000061b000000, 0x000000061b000000| Untracked 
| 105|0x000000061b400000, 0x000000061b400000, 0x000000061b800000|  0%| F|  |TAMS 0x000000061b400000, 0x000000061b400000| Untracked 
| 106|0x000000061b800000, 0x000000061b800000, 0x000000061bc00000|  0%| F|  |TAMS 0x000000061b800000, 0x000000061b800000| Untracked 
| 107|0x000000061bc00000, 0x000000061bc00000, 0x000000061c000000|  0%| F|  |TAMS 0x000000061bc00000, 0x000000061bc00000| Untracked 
| 108|0x000000061c000000, 0x000000061c000000, 0x000000061c400000|  0%| F|  |TAMS 0x000000061c000000, 0x000000061c000000| Untracked 
| 109|0x000000061c400000, 0x000000061c400000, 0x000000061c800000|  0%| F|  |TAMS 0x000000061c400000, 0x000000061c400000| Untracked 
| 110|0x000000061c800000, 0x000000061c800000, 0x000000061cc00000|  0%| F|  |TAMS 0x000000061c800000, 0x000000061c800000| Untracked 
| 111|0x000000061cc00000, 0x000000061cc00000, 0x000000061d000000|  0%| F|  |TAMS 0x000000061cc00000, 0x000000061cc00000| Untracked 
| 112|0x000000061d000000, 0x000000061d000000, 0x000000061d400000|  0%| F|  |TAMS 0x000000061d000000, 0x000000061d000000| Untracked 
| 113|0x000000061d400000, 0x000000061d400000, 0x000000061d800000|  0%| F|  |TAMS 0x000000061d400000, 0x000000061d400000| Untracked 
| 114|0x000000061d800000, 0x000000061d800000, 0x000000061dc00000|  0%| F|  |TAMS 0x000000061d800000, 0x000000061d800000| Untracked 
| 115|0x000000061dc00000, 0x000000061dc00000, 0x000000061e000000|  0%| F|  |TAMS 0x000000061dc00000, 0x000000061dc00000| Untracked 
| 116|0x000000061e000000, 0x000000061e000000, 0x000000061e400000|  0%| F|  |TAMS 0x000000061e000000, 0x000000061e000000| Untracked 
| 117|0x000000061e400000, 0x000000061e400000, 0x000000061e800000|  0%| F|  |TAMS 0x000000061e400000, 0x000000061e400000| Untracked 
| 118|0x000000061e800000, 0x000000061e800000, 0x000000061ec00000|  0%| F|  |TAMS 0x000000061e800000, 0x000000061e800000| Untracked 
| 119|0x000000061ec00000, 0x000000061ec00000, 0x000000061f000000|  0%| F|  |TAMS 0x000000061ec00000, 0x000000061ec00000| Untracked 
| 120|0x000000061f000000, 0x000000061f000000, 0x000000061f400000|  0%| F|  |TAMS 0x000000061f000000, 0x000000061f000000| Untracked 
| 121|0x000000061f400000, 0x000000061f400000, 0x000000061f800000|  0%| F|  |TAMS 0x000000061f400000, 0x000000061f400000| Untracked 
| 122|0x000000061f800000, 0x000000061f800000, 0x000000061fc00000|  0%| F|  |TAMS 0x000000061f800000, 0x000000061f800000| Untracked 
| 123|0x000000061fc00000, 0x000000061fc00000, 0x0000000620000000|  0%| F|  |TAMS 0x000000061fc00000, 0x000000061fc00000| Untracked 
| 124|0x0000000620000000, 0x0000000620000000, 0x0000000620400000|  0%| F|  |TAMS 0x0000000620000000, 0x0000000620000000| Untracked 
| 125|0x0000000620400000, 0x0000000620400000, 0x0000000620800000|  0%| F|  |TAMS 0x0000000620400000, 0x0000000620400000| Untracked 
| 126|0x0000000620800000, 0x0000000620ae41f0, 0x0000000620c00000| 72%| E|  |TAMS 0x0000000620800000, 0x0000000620800000| Complete 
| 127|0x0000000620c00000, 0x0000000621000000, 0x0000000621000000|100%| E|CS|TAMS 0x0000000620c00000, 0x0000000620c00000| Complete 

Card table byte_map: [0x000001b1792b0000,0x000001b17a2b0000] _byte_map_base: 0x000001b1762a8000

Marking Bits (Prev, Next): (CMBitMap*) 0x000001b16dc8af10, (CMBitMap*) 0x000001b16dc8af50
 Prev Bits: [0x000001b10f000000, 0x000001b116fc0000)
 Next Bits: [0x000001b116fc0000, 0x000001b11ef80000)

Polling page: 0x000001b16d8f0000

Metaspace:

Usage:
  Non-class:      4.41 MB capacity,     2.64 MB ( 60%) used,     1.76 MB ( 40%) free+waste,     1.38 KB ( <1%) overhead. 
      Class:    431.00 KB capacity,   282.85 KB ( 66%) used,   147.40 KB ( 34%) free+waste,   768 bytes ( <1%) overhead. 
       Both:      4.83 MB capacity,     2.92 MB ( 60%) used,     1.91 MB ( 39%) free+waste,     2.13 KB ( <1%) overhead. 

Virtual space:
  Non-class space:        8.00 MB reserved,       4.50 MB ( 56%) committed 
      Class space:        1.00 GB reserved,     512.00 KB ( <1%) committed 
             Both:        1.01 GB reserved,       5.00 MB ( <1%) committed 

Chunk freelists:
   Non-Class:  31.00 KB
       Class:  17.00 KB
        Both:  48.00 KB

MaxMetaspaceSize: 17179869184.00 GB
CompressedClassSpaceSize: 1.00 GB

CodeHeap 'non-profiled nmethods': size=120000Kb used=159Kb max_used=159Kb free=119840Kb
 bounds [0x000001b107ad0000, 0x000001b107d40000, 0x000001b10f000000]
CodeHeap 'profiled nmethods': size=120000Kb used=656Kb max_used=656Kb free=119343Kb
 bounds [0x000001b1005a0000, 0x000001b100810000, 0x000001b107ad0000]
CodeHeap 'non-nmethods': size=5760Kb used=1232Kb max_used=1248Kb free=4527Kb
 bounds [0x000001b100000000, 0x000001b100270000, 0x000001b1005a0000]
 total_blobs=891 nmethods=494 adapters=310
 compilation: enabled
              stopped_count=0, restarted_count=0
 full_count=0

Compilation events (20 events):
Event: 14534.290 Thread 0x000001b17dfba560  491       3       org.eclipse.jdt.launching.internal.org.objectweb.asm.SymbolTable::addConstantUtf8 (20 bytes)
Event: 14534.291 Thread 0x000001b17dfba560 nmethod 491 0x000001b100642410 code [0x000001b1006425e0, 0x000001b100642888]
Event: 14622.906 Thread 0x000001b17dfb65b0  492       4       java.lang.AbstractStringBuilder::ensureCapacityInternal (39 bytes)
Event: 14622.910 Thread 0x000001b17dfb65b0 

Event: 15240.108 Thread 0x000001b17dfba560  494   !   3       java.lang.ref.ReferenceQueue::remove (125 bytes)
Event: 15240.109 Thread 0x000001b17dfba560 nmethod 494 0x000001b100642a10 code [0x000001b100642c40, 0x000001b100643458]
Event: 15300.108 Thread 0x000001b17dfba560  495   !   3       jdk.internal.ref.PhantomCleanable::isListEmpty (34 bytes)
Event: 15300.108 Thread 0x000001b17dfba560 nmethod 495 0x000001b100643810 code [0x000001b1006439c0, 0x000001b100643c18]
Event: 15300.108 Thread 0x000001b17dfba560  496       3       jdk.internal.misc.InnocuousThread::eraseThreadLocals (23 bytes)
Event: 15300.108 Thread 0x000001b17dfba560 nmethod 496 0x000001b100643d90 code [0x000001b100643f20, 0x000001b100644118]
Event: 15629.136 Thread 0x000001b17dfba560  497       3       org.eclipse.jdt.launching.internal.org.objectweb.asm.SymbolTable::addConstantUtf8Reference (20 bytes)
Event: 15629.138 Thread 0x000001b17dfba560 

Event: 15662.075 Thread 0x000001b17dfb65b0  498       4       org.eclipse.jdt.launching.internal.org.objectweb.asm.ClassReader::getItem (7 bytes)
Event: 15662.077 Thread 0x000001b17dfb65b0 

Event: 15862.520 Thread 0x000001b17dfb65b0  499       4       java.lang.StringUTF16::compress (50 bytes)
Event: 15862.520 Thread 0x000001b17dfba560  500       3       org.eclipse.jdt.launching.internal.org.objectweb.asm.ByteVector::putShort (52 bytes)
Event: 15862.522 Thread 0x000001b17dfba560 

Event: 15862.526 Thread 0x000001b17dfb65b0 

Event: 15916.617 Thread 0x000001b17dfb65b0  501       4       java.lang.StringUTF16::compress (50 bytes)
Event: 15916.622 Thread 0x000001b17dfb65b0 


GC Heap History (0 events):
No events

Deoptimization events (20 events):
Event: 0.193 Thread 0x000001b16dc12fd0 DEOPT PACKING pc=0x000001b10060dc38 sp=0x0000001886ffb9e0
Event: 0.193 Thread 0x000001b16dc12fd0 DEOPT UNPACKING pc=0x000001b10004e23f sp=0x0000001886ffaea8 mode 0
Event: 0.201 Thread 0x000001b16dc12fd0 DEOPT PACKING pc=0x000001b10060dc38 sp=0x0000001886ff7af0
Event: 0.201 Thread 0x000001b16dc12fd0 DEOPT UNPACKING pc=0x000001b10004e23f sp=0x0000001886ff6fb8 mode 0
Event: 0.202 Thread 0x000001b16dc12fd0 DEOPT PACKING pc=0x000001b10060dc38 sp=0x0000001886ff7af0
Event: 0.202 Thread 0x000001b16dc12fd0 DEOPT UNPACKING pc=0x000001b10004e23f sp=0x0000001886ff6fb8 mode 0
Event: 0.202 Thread 0x000001b16dc12fd0 DEOPT PACKING pc=0x000001b10060dc38 sp=0x0000001886ff7af0
Event: 0.202 Thread 0x000001b16dc12fd0 DEOPT UNPACKING pc=0x000001b10004e23f sp=0x0000001886ff6fb8 mode 0
Event: 0.220 Thread 0x000001b16dc12fd0 Uncommon trap: trap_request=0xffffff45 fr.pc=0x000001b107ad8ce0 relative=0x0000000000000240
Event: 0.220 Thread 0x000001b16dc12fd0 Uncommon trap: reason=unstable_if action=reinterpret pc=0x000001b107ad8ce0 method=java.lang.String.isLatin1()Z @ 10 c2
Event: 0.220 Thread 0x000001b16dc12fd0 DEOPT PACKING pc=0x000001b107ad8ce0 sp=0x0000001886ffc910
Event: 0.220 Thread 0x000001b16dc12fd0 DEOPT UNPACKING pc=0x000001b10004e42f sp=0x0000001886ffc848 mode 2
Event: 0.220 Thread 0x000001b16dc12fd0 Uncommon trap: trap_request=0xffffff45 fr.pc=0x000001b107ae40dc relative=0x000000000000005c
Event: 0.220 Thread 0x000001b16dc12fd0 Uncommon trap: reason=unstable_if action=reinterpret pc=0x000001b107ae40dc method=java.lang.String.isLatin1()Z @ 10 c2
Event: 0.220 Thread 0x000001b16dc12fd0 DEOPT PACKING pc=0x000001b107ae40dc sp=0x0000001886ffc8a0
Event: 0.220 Thread 0x000001b16dc12fd0 DEOPT UNPACKING pc=0x000001b10004e42f sp=0x0000001886ffc840 mode 2
Event: 0.223 Thread 0x000001b16dc12fd0 Uncommon trap: trap_request=0xffffff45 fr.pc=0x000001b107ae43c4 relative=0x0000000000000044
Event: 0.223 Thread 0x000001b16dc12fd0 Uncommon trap: reason=unstable_if action=reinterpret pc=0x000001b107ae43c4 method=java.lang.CharacterData.of(I)Ljava/lang/CharacterData; @ 4 c2
Event: 0.223 Thread 0x000001b16dc12fd0 DEOPT PACKING pc=0x000001b107ae43c4 sp=0x0000001886ffe7d0
Event: 0.223 Thread 0x000001b16dc12fd0 DEOPT UNPACKING pc=0x000001b10004e42f sp=0x0000001886ffe770 mode 2

Classes unloaded (0 events):
No events

Classes redefined (14 events):
Event: 14503.154 Thread 0x000001b17df8c060 redefined class name=uebungsblatt3.Maexchen_3_4, count=1
Event: 14534.290 Thread 0x000001b17df8c060 redefined class name=uebungsblatt3.Maexchen_3_4, count=2
Event: 14540.300 Thread 0x000001b17df8c060 redefined class name=uebungsblatt3.Maexchen_3_4, count=3
Event: 14592.811 Thread 0x000001b17df8c060 redefined class name=uebungsblatt3.Maexchen_3_4, count=4
Event: 14622.907 Thread 0x000001b17df8c060 redefined class name=uebungsblatt3.Maexchen_3_4, count=5
Event: 15510.760 Thread 0x000001b17df8c060 redefined class name=uebungsblatt3.Maexchen_3_4, count=6
Event: 15517.142 Thread 0x000001b17df8c060 redefined class name=uebungsblatt3.Maexchen_3_4, count=7
Event: 15629.137 Thread 0x000001b17df8c060 redefined class name=uebungsblatt3.Maexchen_3_4, count=8
Event: 15662.076 Thread 0x000001b17df8c060 redefined class name=uebungsblatt3.Maexchen_3_4, count=9
Event: 15862.521 Thread 0x000001b17df8c060 redefined class name=uebungsblatt3.Maexchen_3_4, count=10
Event: 15865.608 Thread 0x000001b17df8c060 redefined class name=uebungsblatt3.Maexchen_3_4, count=11
Event: 15916.618 Thread 0x000001b17df8c060 redefined class name=uebungsblatt3.Maexchen_3_4, count=12
Event: 15962.007 Thread 0x000001b17df8c060 redefined class name=uebungsblatt3.Maexchen_3_4, count=13
Event: 16590.893 Thread 0x000001b17df8c060 redefined class name=uebungsblatt3.Maexchen_3_4, count=14

Internal exceptions (3 events):
Event: 0.125 Thread 0x000001b16dc12fd0 Exception <a 'java/lang/NoSuchMethodError'{0x0000000620e8ee50}: 'void java.lang.invoke.DirectMethodHandle$Holder.invokeStatic(java.lang.Object, java.lang.Object)'> (0x0000000620e8ee50) 
thrown [./open/src/hotspot/share/interpreter/linkResolver.cpp, line 782]
Event: 0.125 Thread 0x000001b16dc12fd0 Exception <a 'java/lang/NoSuchMethodError'{0x0000000620e92af8}: 'void java.lang.invoke.DirectMethodHandle$Holder.invokeStaticInit(java.lang.Object, java.lang.Object)'> (0x0000000620e92af8) 
thrown [./open/src/hotspot/share/interpreter/linkResolver.cpp, line 782]
Event: 0.172 Thread 0x000001b16dc12fd0 Exception <a 'java/lang/NoSuchMethodError'{0x000000062082dbd0}: 'java.lang.Object java.lang.invoke.DirectMethodHandle$Holder.invokeStatic(java.lang.Object)'> (0x000000062082dbd0) 
thrown [./open/src/hotspot/share/interpreter/linkResolver.cpp, line 782]

Events (20 events):
Event: 15962.007 Executing VM operation: RedefineClasses
Event: 15962.008 Executing VM operation: RedefineClasses done
Event: 15962.011 Executing VM operation: ChangeBreakpoints
Event: 15962.011 Executing VM operation: ChangeBreakpoints done
Event: 15962.011 Executing VM operation: GetFrameCount
Event: 15962.011 Executing VM operation: GetFrameCount done
Event: 15962.011 Executing VM operation: GetStackTrace
Event: 15962.011 Executing VM operation: GetStackTrace done
Event: 15962.137 Executing VM operation: GetFrameCount
Event: 15962.137 Executing VM operation: GetFrameCount done
Event: 16590.893 Executing VM operation: RedefineClasses
Event: 16590.895 Executing VM operation: RedefineClasses done
Event: 16590.897 Executing VM operation: ChangeBreakpoints
Event: 16590.897 Executing VM operation: ChangeBreakpoints done
Event: 16590.898 Executing VM operation: GetFrameCount
Event: 16590.898 Executing VM operation: GetFrameCount done
Event: 16590.898 Executing VM operation: GetStackTrace
Event: 16590.898 Executing VM operation: GetStackTrace done
Event: 16590.995 Executing VM operation: GetFrameCount
Event: 16590.995 Executing VM operation: GetFrameCount done


Dynamic libraries:
0x00007ff7afea0000 - 0x00007ff7afead000 	C:\Program Files\Java\jdk-15\bin\javaw.exe
0x00007ffb0b300000 - 0x00007ffb0b4f0000 	C:\WINDOWS\SYSTEM32\ntdll.dll
0x00007ffb0afb0000 - 0x00007ffb0b062000 	C:\WINDOWS\System32\KERNEL32.DLL
0x00007ffb082b0000 - 0x00007ffb08555000 	C:\WINDOWS\System32\KERNELBASE.dll
0x00007ffb08560000 - 0x00007ffb0865a000 	C:\WINDOWS\System32\ucrtbase.dll
0x00007ffb03f00000 - 0x00007ffb03f18000 	C:\Program Files\Java\jdk-15\bin\jli.dll
0x00007ffafe890000 - 0x00007ffafe8a9000 	C:\Program Files\Java\jdk-15\bin\VCRUNTIME140.dll
0x00007ffb09ce0000 - 0x00007ffb09e74000 	C:\WINDOWS\System32\USER32.dll
0x00007ffaff860000 - 0x00007ffaffae4000 	C:\WINDOWS\WinSxS\amd64_microsoft.windows.common-controls_6595b64144ccf1df_6.0.18362.1139_none_9e7bf2d3e4605ac6\COMCTL32.dll
0x00007ffb091b0000 - 0x00007ffb091d1000 	C:\WINDOWS\System32\win32u.dll
0x00007ffb09380000 - 0x00007ffb093a6000 	C:\WINDOWS\System32\GDI32.dll
0x00007ffb0a530000 - 0x00007ffb0a5ce000 	C:\WINDOWS\System32\msvcrt.dll
0x00007ffb091e0000 - 0x00007ffb09376000 	C:\WINDOWS\System32\gdi32full.dll
0x00007ffb098c0000 - 0x00007ffb09bf5000 	C:\WINDOWS\System32\combase.dll
0x00007ffb087e0000 - 0x00007ffb0887e000 	C:\WINDOWS\System32\msvcp_win.dll
0x00007ffb0b110000 - 0x00007ffb0b230000 	C:\WINDOWS\System32\RPCRT4.dll
0x00007ffb08740000 - 0x00007ffb087c0000 	C:\WINDOWS\System32\bcryptPrimitives.dll
0x00007ffb09e80000 - 0x00007ffb09eae000 	C:\WINDOWS\System32\IMM32.DLL
0x00007ffb03d30000 - 0x00007ffb03d3c000 	C:\Program Files\Java\jdk-15\bin\vcruntime140_1.dll
0x00007ffadde10000 - 0x00007ffaddea1000 	C:\Program Files\Java\jdk-15\bin\msvcp140.dll
0x00007ffa8e900000 - 0x00007ffa8f45c000 	C:\Program Files\Java\jdk-15\bin\server\jvm.dll
0x00007ffb09640000 - 0x00007ffb096e3000 	C:\WINDOWS\System32\ADVAPI32.dll
0x00007ffb0b070000 - 0x00007ffb0b107000 	C:\WINDOWS\System32\sechost.dll
0x00007ffb09cd0000 - 0x00007ffb09cd8000 	C:\WINDOWS\System32\PSAPI.DLL
0x00007ffb02840000 - 0x00007ffb0284a000 	C:\WINDOWS\SYSTEM32\VERSION.dll
0x00007ffaf4820000 - 0x00007ffaf4829000 	C:\WINDOWS\SYSTEM32\WSOCK32.dll
0x00007ffb04e20000 - 0x00007ffb04e44000 	C:\WINDOWS\SYSTEM32\WINMM.dll
0x00007ffb0af40000 - 0x00007ffb0afaf000 	C:\WINDOWS\System32\WS2_32.dll
0x00007ffb04df0000 - 0x00007ffb04e1d000 	C:\WINDOWS\SYSTEM32\winmmbase.dll
0x00007ffb08260000 - 0x00007ffb082aa000 	C:\WINDOWS\System32\cfgmgr32.dll
0x00007ffb081f0000 - 0x00007ffb08201000 	C:\WINDOWS\System32\kernel.appcore.dll
0x00007ffafd210000 - 0x00007ffafd21a000 	C:\Program Files\Java\jdk-15\bin\jimage.dll
0x00007ffaf57f0000 - 0x00007ffaf59e4000 	C:\WINDOWS\SYSTEM32\DBGHELP.DLL
0x00007ffaf45d0000 - 0x00007ffaf45fa000 	C:\WINDOWS\SYSTEM32\dbgcore.DLL
0x00007ffafdbc0000 - 0x00007ffafdbf9000 	C:\Program Files\Java\jdk-15\bin\jdwp.dll
0x00007ffb03c50000 - 0x00007ffb03c5e000 	C:\Program Files\Java\jdk-15\bin\instrument.dll
0x00007ffad23c0000 - 0x00007ffad23e5000 	C:\Program Files\Java\jdk-15\bin\java.dll
0x00007ffb0a6b0000 - 0x00007ffb0ad97000 	C:\WINDOWS\System32\SHELL32.dll
0x00007ffb09eb0000 - 0x00007ffb09f59000 	C:\WINDOWS\System32\shcore.dll
0x00007ffb088e0000 - 0x00007ffb09060000 	C:\WINDOWS\System32\windows.storage.dll
0x00007ffb08230000 - 0x00007ffb08253000 	C:\WINDOWS\System32\profapi.dll
0x00007ffb081a0000 - 0x00007ffb081ea000 	C:\WINDOWS\System32\powrprof.dll
0x00007ffb08190000 - 0x00007ffb081a0000 	C:\WINDOWS\System32\UMPDC.dll
0x00007ffb0b230000 - 0x00007ffb0b282000 	C:\WINDOWS\System32\shlwapi.dll
0x00007ffb087c0000 - 0x00007ffb087d7000 	C:\WINDOWS\System32\cryptsp.dll
0x00007ffafe780000 - 0x00007ffafe78b000 	C:\Program Files\Java\jdk-15\bin\dt_socket.dll
0x00007ffb076f0000 - 0x00007ffb0772a000 	C:\WINDOWS\SYSTEM32\IPHLPAPI.DLL
0x00007ffb079e0000 - 0x00007ffb07a47000 	C:\WINDOWS\system32\mswsock.dll
0x00007ffb07730000 - 0x00007ffb077fb000 	C:\WINDOWS\SYSTEM32\DNSAPI.dll
0x00007ffb095c0000 - 0x00007ffb095c8000 	C:\WINDOWS\System32\NSI.dll
0x00007ffb00720000 - 0x00007ffb0072a000 	C:\Windows\System32\rasadhlp.dll
0x00007ffb01510000 - 0x00007ffb01587000 	C:\WINDOWS\System32\fwpuclnt.dll
0x00007ffb08660000 - 0x00007ffb08686000 	C:\WINDOWS\System32\bcrypt.dll
0x00007ffac96f0000 - 0x00007ffac9708000 	C:\Program Files\Java\jdk-15\bin\zip.dll
0x00007ffae1220000 - 0x00007ffae1239000 	C:\Program Files\Java\jdk-15\bin\net.dll
0x00007ffb007d0000 - 0x00007ffb008c0000 	C:\WINDOWS\SYSTEM32\WINHTTP.dll
0x00007ffad23a0000 - 0x00007ffad23b2000 	C:\Program Files\Java\jdk-15\bin\nio.dll
0x00007ffae28f0000 - 0x00007ffae2900000 	C:\Program Files\Java\jdk-15\bin\verify.dll

dbghelp: loaded successfully - version: 4.0.5 - missing functions: none
symbol engine: initialized successfully - sym options: 0x614 - pdb path: .;C:\Program Files\Java\jdk-15\bin;C:\WINDOWS\SYSTEM32;C:\WINDOWS\WinSxS\amd64_microsoft.windows.common-controls_6595b64144ccf1df_6.0.18362.1139_none_9e7bf2d3e4605ac6;C:\Program Files\Java\jdk-15\bin\server

VM Arguments:
jvm_args: -XX:+ShowCodeDetailsInExceptionMessages -agentlib:jdwp=transport=dt_socket,suspend=y,address=localhost:58227 -javaagent:F:\PC-Stuff\Programme\Eclipse\eclipse\configuration\org.eclipse.osgi\215\0\.cp\lib\javaagent-shaded.jar -Dfile.encoding=Cp1252 
java_command: uebungsblatt3.Maexchen_3_4
java_class_path (initial): C:\Users\Alexa\OneDrive\Studium\Workspace_Eclipse\Programmieren1\bin
Launcher Type: SUN_STANDARD

[Global flags]
     intx CICompilerCount                          = 4                                         {product} {ergonomic}
     uint ConcGCThreads                            = 3                                         {product} {ergonomic}
     uint G1ConcRefinementThreads                  = 10                                        {product} {ergonomic}
   size_t G1HeapRegionSize                         = 4194304                                   {product} {ergonomic}
    uintx GCDrainStackTargetSize                   = 64                                        {product} {ergonomic}
   size_t InitialHeapSize                          = 536870912                                 {product} {ergonomic}
   size_t MarkStackSize                            = 4194304                                   {product} {ergonomic}
   size_t MaxHeapSize                              = 8573157376                                {product} {ergonomic}
   size_t MaxNewSize                               = 5142216704                                {product} {ergonomic}
   size_t MinHeapDeltaBytes                        = 4194304                                   {product} {ergonomic}
   size_t MinHeapSize                              = 8388608                                   {product} {ergonomic}
    uintx NonNMethodCodeHeapSize                   = 5839372                                {pd product} {ergonomic}
    uintx NonProfiledCodeHeapSize                  = 122909434                              {pd product} {ergonomic}
    uintx ProfiledCodeHeapSize                     = 122909434                              {pd product} {ergonomic}
    uintx ReservedCodeCacheSize                    = 251658240                              {pd product} {ergonomic}
     bool SegmentedCodeCache                       = true                                      {product} {ergonomic}
     bool ShowCodeDetailsInExceptionMessages       = true                                   {manageable} {command line}
   size_t SoftMaxHeapSize                          = 8573157376                             {manageable} {ergonomic}
     bool UseCompressedClassPointers               = true                                 {lp64_product} {ergonomic}
     bool UseCompressedOops                        = true                                 {lp64_product} {ergonomic}
     bool UseG1GC                                  = true                                      {product} {ergonomic}
     bool UseLargePagesIndividualAllocation        = false                                  {pd product} {ergonomic}

Logging:
Log output configuration:
 #0: stdout all=warning uptime,level,tags
 #1: stderr all=off uptime,level,tags

Environment Variables:
JAVA_HOME=C:\Program Files\Java\jdk-15
PATH=C:/Program Files/Java/jdk-15/bin/server;C:/Program Files/Java/jdk-15/bin;C:\Program Files\Java\jdk-15\bin;C:\Program Files (x86)\Common Files\Oracle\Java\javapath;C:\ProgramData\Oracle\Java\javapath;C:\Program Files (x86)\Intel\iCLS Client\;C:\Program Files\Intel\iCLS Client\;C:\Windows\system32;C:\Windows;C:\Windows\System32\Wbem;C:\Windows\System32\WindowsPowerShell\v1.0\;C:\Program Files (x86)\Intel\Intel(R) Management Engine Components\DAL;C:\Program Files\Intel\Intel(R) Management Engine Components\DAL;C:\Program Files (x86)\Intel\Intel(R) Management Engine Components\IPT;C:\Program Files\Intel\Intel(R) Management Engine Components\IPT;C:\Program Files (x86)\NVIDIA Corporation\PhysX\Common;C:\Program Files\Microsoft SQL Server\110\Tools\Binn\;C:\WINDOWS\system32;C:\WINDOWS;C:\WINDOWS\System32\Wbem;C:\WINDOWS\System32\WindowsPowerShell\v1.0\;C:\WINDOWS\System32\OpenSSH\;C:\Program Files\PuTTY\;C:\WINDOWS\system32;C:\WINDOWS;C:\WINDOWS\System32\Wbem;C:\WINDOWS\System32\WindowsPowerShell\v1.0\;C:\WINDOWS\System32\OpenSSH\;C:\Program Files\NVIDIA Corporation\NVIDIA NvDLISR;C:\Users\Alexa\AppData\Local\Microsoft\WindowsApps;;C:\WINDOWS\system32;
USERNAME=Alexa
OS=Windows_NT
PROCESSOR_IDENTIFIER=Intel64 Family 6 Model 158 Stepping 10, GenuineIntel



---------------  S Y S T E M  ---------------

OS:
 Windows 10 , 64 bit Build 18362 (10.0.18362.1110)
OS uptime: 0 days 7:38 hours

CPU: total 12 (initial active 12) (6 cores per cpu, 2 threads per core) family 6 model 158 stepping 10, cmov, cx8, fxsr, mmx, sse, sse2, sse3, ssse3, sse4.1, sse4.2, popcnt, vzeroupper, avx, avx2, aes, clmul, erms, rtm, 3dnowpref, lzcnt, ht, tsc, tscinvbit, bmi1, bmi2, adx, fma, clflush, clflushopt

Memory: 4k page, system-wide physical 32696M (19276M free)
TotalPageFile size 37560M (AvailPageFile size 13915M)
current process WorkingSet (physical memory assigned to process): 45M, peak: 46M
current process commit charge ("private bytes"): 619M, peak: 622M

vm_info: OpenJDK 64-Bit Server VM (15+36-1562) for windows-amd64 JRE (15+36-1562), built on Aug 11 2020 22:33:04 by "mach5one" with unknown MS VC++:1925

END.
